<?xml version="1.0" encoding="UTF-8"?>
<testng-results skipped="0" failed="0" total="1" passed="1">
  <reporter-output>
  </reporter-output>
  <suite name="Suite" duration-ms="11766" started-at="2022-08-23T13:50:02Z" finished-at="2022-08-23T13:50:14Z">
    <groups>
    </groups>
    <test name="Test" duration-ms="11766" started-at="2022-08-23T13:50:02Z" finished-at="2022-08-23T13:50:14Z">
      <class name="SeleniumDay19_CrossBrowserTesting.TestScript">
        <test-method status="PASS" signature="openBrowser(java.lang.String)[pri:0, instance:SeleniumDay19_CrossBrowserTesting.TestScript@51b7e5df]" name="openBrowser" is-config="true" duration-ms="4541" started-at="2022-08-23T19:20:02Z" finished-at="2022-08-23T19:20:07Z">
          <params>
            <param index="0">
              <value>
                <![CDATA[chrome]]>
              </value>
            </param>
          </params>
          <reporter-output>
          </reporter-output>
        </test-method> <!-- openBrowser -->
        <test-method status="PASS" signature="verifyLogin()[pri:0, instance:SeleniumDay19_CrossBrowserTesting.TestScript@51b7e5df]" name="verifyLogin" duration-ms="6640" started-at="2022-08-23T19:20:07Z" finished-at="2022-08-23T19:20:14Z">
          <reporter-output>
          </reporter-output>
        </test-method> <!-- verifyLogin -->
        <test-method status="PASS" signature="closeBrowser()[pri:0, instance:SeleniumDay19_CrossBrowserTesting.TestScript@51b7e5df]" name="closeBrowser" is-config="true" duration-ms="571" started-at="2022-08-23T19:20:14Z" finished-at="2022-08-23T19:20:14Z">
          <reporter-output>
          </reporter-output>
        </test-method> <!-- closeBrowser -->
      </class> <!-- SeleniumDay19_CrossBrowserTesting.TestScript -->
    </test> <!-- Test -->
  </suite> <!-- Suite -->
</testng-results>
